  [1m[35m (84.0ms)[0m  [1m[35mCREATE DATABASE "would_you_rather_development" ENCODING = 'unicode'[0m
  ↳ bin/rails:4
  [1m[35m (37.9ms)[0m  [1m[35mCREATE DATABASE "would_you_rather_test" ENCODING = 'unicode'[0m
  ↳ bin/rails:4
  [1m[35m (19.6ms)[0m  [1m[35mCREATE TABLE "schema_migrations" ("version" character varying NOT NULL PRIMARY KEY)[0m
  ↳ bin/rails:4
  [1m[35m (2.3ms)[0m  [1m[35mCREATE TABLE "ar_internal_metadata" ("key" character varying NOT NULL PRIMARY KEY, "value" character varying, "created_at" timestamp NOT NULL, "updated_at" timestamp NOT NULL)[0m
  ↳ bin/rails:4
  [1m[35m (0.4ms)[0m  [1m[34mSELECT pg_try_advisory_lock(7844864974042930890)[0m
  ↳ bin/rails:4
  [1m[35m (0.3ms)[0m  [1m[34mSELECT "schema_migrations"."version" FROM "schema_migrations" ORDER BY "schema_migrations"."version" ASC[0m
  ↳ bin/rails:4
Migrating to CreateUsers (20220827032125)
  [1m[35m (0.1ms)[0m  [1m[35mBEGIN[0m
  ↳ bin/rails:4
  [1m[35m (2.1ms)[0m  [1m[35mCREATE TABLE "users" ("id" bigserial primary key, "name" character varying, "password_digest" character varying, "dob" date, "created_at" timestamp NOT NULL, "updated_at" timestamp NOT NULL)[0m
  ↳ db/migrate/20220827032125_create_users.rb:3
  [1m[36mActiveRecord::SchemaMigration Create (0.1ms)[0m  [1m[32mINSERT INTO "schema_migrations" ("version") VALUES ($1) RETURNING "version"[0m  [["version", "20220827032125"]]
  ↳ bin/rails:4
  [1m[35m (0.1ms)[0m  [1m[35mCOMMIT[0m
  ↳ bin/rails:4
  [1m[36mActiveRecord::InternalMetadata Load (0.1ms)[0m  [1m[34mSELECT  "ar_internal_metadata".* FROM "ar_internal_metadata" WHERE "ar_internal_metadata"."key" = $1 LIMIT $2[0m  [["key", "environment"], ["LIMIT", 1]]
  ↳ bin/rails:4
  [1m[35m (0.0ms)[0m  [1m[35mBEGIN[0m
  ↳ bin/rails:4
  [1m[36mActiveRecord::InternalMetadata Create (0.4ms)[0m  [1m[32mINSERT INTO "ar_internal_metadata" ("key", "value", "created_at", "updated_at") VALUES ($1, $2, $3, $4) RETURNING "key"[0m  [["key", "environment"], ["value", "development"], ["created_at", "2022-08-28 03:08:44.134699"], ["updated_at", "2022-08-28 03:08:44.134699"]]
  ↳ bin/rails:4
  [1m[35m (0.1ms)[0m  [1m[35mCOMMIT[0m
  ↳ bin/rails:4
  [1m[35m (0.1ms)[0m  [1m[34mSELECT pg_advisory_unlock(7844864974042930890)[0m
  ↳ bin/rails:4
  [1m[35m (0.1ms)[0m  [1m[34mSELECT "schema_migrations"."version" FROM "schema_migrations" ORDER BY "schema_migrations"."version" ASC[0m
  ↳ bin/rails:4
  [1m[35m (0.7ms)[0m  [1m[34mSELECT "schema_migrations"."version" FROM "schema_migrations" ORDER BY "schema_migrations"."version" ASC[0m
  ↳ bin/rails:4
  [1m[35m (0.9ms)[0m  [1m[34mSELECT "schema_migrations"."version" FROM "schema_migrations" ORDER BY "schema_migrations"."version" ASC[0m
  ↳ bin/rails:4
  [1m[35m (0.1ms)[0m  [1m[34mSELECT pg_try_advisory_lock(7844864974042930890)[0m
  ↳ bin/rails:4
  [1m[35m (0.5ms)[0m  [1m[34mSELECT "schema_migrations"."version" FROM "schema_migrations" ORDER BY "schema_migrations"."version" ASC[0m
  ↳ bin/rails:4
Migrating to CreateQuestions (20220828031145)
  [1m[35m (0.1ms)[0m  [1m[35mBEGIN[0m
  ↳ bin/rails:4
  [1m[35m (5.7ms)[0m  [1m[35mCREATE TABLE "questions" ("id" bigserial primary key, "choice" boolean, "opt_A" text, "opt_B" text, "created_at" timestamp NOT NULL, "updated_at" timestamp NOT NULL)[0m
  ↳ db/migrate/20220828031145_create_questions.rb:3
  [1m[36mActiveRecord::SchemaMigration Create (0.2ms)[0m  [1m[32mINSERT INTO "schema_migrations" ("version") VALUES ($1) RETURNING "version"[0m  [["version", "20220828031145"]]
  ↳ bin/rails:4
  [1m[35m (0.3ms)[0m  [1m[35mCOMMIT[0m
  ↳ bin/rails:4
  [1m[36mActiveRecord::InternalMetadata Load (0.3ms)[0m  [1m[34mSELECT  "ar_internal_metadata".* FROM "ar_internal_metadata" WHERE "ar_internal_metadata"."key" = $1 LIMIT $2[0m  [["key", "environment"], ["LIMIT", 1]]
  ↳ bin/rails:4
  [1m[35m (0.0ms)[0m  [1m[35mBEGIN[0m
  ↳ bin/rails:4
  [1m[35m (0.0ms)[0m  [1m[35mCOMMIT[0m
  ↳ bin/rails:4
  [1m[35m (0.1ms)[0m  [1m[34mSELECT pg_advisory_unlock(7844864974042930890)[0m
  ↳ bin/rails:4
  [1m[35m (0.1ms)[0m  [1m[34mSELECT "schema_migrations"."version" FROM "schema_migrations" ORDER BY "schema_migrations"."version" ASC[0m
  ↳ bin/rails:4
  [1m[35m (0.2ms)[0m  [1m[34mSELECT pg_try_advisory_lock(7844864974042930890)[0m
  ↳ bin/rails:4
  [1m[35m (0.9ms)[0m  [1m[34mSELECT "schema_migrations"."version" FROM "schema_migrations" ORDER BY "schema_migrations"."version" ASC[0m
  ↳ bin/rails:4
Migrating to CreateTallies (20220828031319)
  [1m[35m (0.1ms)[0m  [1m[35mBEGIN[0m
  ↳ bin/rails:4
  [1m[35m (3.1ms)[0m  [1m[35mCREATE TABLE "tallies" ("id" bigserial primary key, "user_id" integer, "question_id" integer, "question_answer" boolean, "created_at" timestamp NOT NULL, "updated_at" timestamp NOT NULL)[0m
  ↳ db/migrate/20220828031319_create_tallies.rb:3
  [1m[36mActiveRecord::SchemaMigration Create (0.2ms)[0m  [1m[32mINSERT INTO "schema_migrations" ("version") VALUES ($1) RETURNING "version"[0m  [["version", "20220828031319"]]
  ↳ bin/rails:4
  [1m[35m (0.3ms)[0m  [1m[35mCOMMIT[0m
  ↳ bin/rails:4
  [1m[36mActiveRecord::InternalMetadata Load (0.5ms)[0m  [1m[34mSELECT  "ar_internal_metadata".* FROM "ar_internal_metadata" WHERE "ar_internal_metadata"."key" = $1 LIMIT $2[0m  [["key", "environment"], ["LIMIT", 1]]
  ↳ bin/rails:4
  [1m[35m (0.1ms)[0m  [1m[35mBEGIN[0m
  ↳ bin/rails:4
  [1m[35m (0.1ms)[0m  [1m[35mCOMMIT[0m
  ↳ bin/rails:4
  [1m[35m (0.1ms)[0m  [1m[34mSELECT pg_advisory_unlock(7844864974042930890)[0m
  ↳ bin/rails:4
  [1m[35m (0.2ms)[0m  [1m[34mSELECT "schema_migrations"."version" FROM "schema_migrations" ORDER BY "schema_migrations"."version" ASC[0m
  ↳ bin/rails:4
  [1m[35m (0.1ms)[0m  [1m[34mSELECT pg_try_advisory_lock(7844864974042930890)[0m
  ↳ bin/rails:4
  [1m[35m (0.7ms)[0m  [1m[34mSELECT "schema_migrations"."version" FROM "schema_migrations" ORDER BY "schema_migrations"."version" ASC[0m
  ↳ bin/rails:4
Migrating to CreateHashtags (20220828031434)
  [1m[35m (0.1ms)[0m  [1m[35mBEGIN[0m
  ↳ bin/rails:4
  [1m[35m (5.1ms)[0m  [1m[35mCREATE TABLE "hashtags" ("id" bigserial primary key, "name" character varying, "created_at" timestamp NOT NULL, "updated_at" timestamp NOT NULL)[0m
  ↳ db/migrate/20220828031434_create_hashtags.rb:3
  [1m[36mActiveRecord::SchemaMigration Create (0.2ms)[0m  [1m[32mINSERT INTO "schema_migrations" ("version") VALUES ($1) RETURNING "version"[0m  [["version", "20220828031434"]]
  ↳ bin/rails:4
  [1m[35m (0.6ms)[0m  [1m[35mCOMMIT[0m
  ↳ bin/rails:4
  [1m[36mActiveRecord::InternalMetadata Load (0.2ms)[0m  [1m[34mSELECT  "ar_internal_metadata".* FROM "ar_internal_metadata" WHERE "ar_internal_metadata"."key" = $1 LIMIT $2[0m  [["key", "environment"], ["LIMIT", 1]]
  ↳ bin/rails:4
  [1m[35m (0.1ms)[0m  [1m[35mBEGIN[0m
  ↳ bin/rails:4
  [1m[35m (0.0ms)[0m  [1m[35mCOMMIT[0m
  ↳ bin/rails:4
  [1m[35m (0.1ms)[0m  [1m[34mSELECT pg_advisory_unlock(7844864974042930890)[0m
  ↳ bin/rails:4
  [1m[35m (0.2ms)[0m  [1m[34mSELECT "schema_migrations"."version" FROM "schema_migrations" ORDER BY "schema_migrations"."version" ASC[0m
  ↳ bin/rails:4
  [1m[35m (0.7ms)[0m  [1m[34mSELECT "schema_migrations"."version" FROM "schema_migrations" ORDER BY "schema_migrations"."version" ASC[0m
  ↳ bin/rails:4
  [1m[35m (0.9ms)[0m  [1m[34mSELECT "schema_migrations"."version" FROM "schema_migrations" ORDER BY "schema_migrations"."version" ASC[0m
  ↳ bin/rails:4
  [1m[35m (0.9ms)[0m  [1m[34mSELECT "schema_migrations"."version" FROM "schema_migrations" ORDER BY "schema_migrations"."version" ASC[0m
  ↳ bin/rails:4
  [1m[35m (0.9ms)[0m  [1m[34mSELECT "schema_migrations"."version" FROM "schema_migrations" ORDER BY "schema_migrations"."version" ASC[0m
  ↳ bin/rails:4
  [1m[36mUser Load (0.5ms)[0m  [1m[34mSELECT "users".* FROM "users"[0m
  ↳ db/seeds.rb:6
  [1m[35m (1.6ms)[0m  [1m[35mCREATE DATABASE "would_you_rather_development" ENCODING = 'unicode'[0m
  ↳ bin/rails:4
  [1m[35m (0.2ms)[0m  [1m[35mCREATE DATABASE "would_you_rather_test" ENCODING = 'unicode'[0m
  ↳ bin/rails:4
  [1m[35m (0.5ms)[0m  [1m[34mSELECT "schema_migrations"."version" FROM "schema_migrations" ORDER BY "schema_migrations"."version" ASC[0m
  ↳ bin/rails:4
  [1m[35m (0.7ms)[0m  [1m[34mSELECT "schema_migrations"."version" FROM "schema_migrations" ORDER BY "schema_migrations"."version" ASC[0m
  ↳ bin/rails:4
  [1m[35m (0.1ms)[0m  [1m[34mSELECT pg_try_advisory_lock(7844864974042930890)[0m
  ↳ bin/rails:4
  [1m[35m (0.8ms)[0m  [1m[34mSELECT "schema_migrations"."version" FROM "schema_migrations" ORDER BY "schema_migrations"."version" ASC[0m
  ↳ bin/rails:4
Migrating to CreateHashtagsQuestions (20220828060344)
  [1m[35m (0.1ms)[0m  [1m[35mBEGIN[0m
  ↳ bin/rails:4
  [1m[35m (3.9ms)[0m  [1m[35mCREATE TABLE "hashtags_questions" ("id" bigserial primary key, "hashtag_id" integer, "question_id" integer)[0m
  ↳ db/migrate/20220828060344_create_hashtags_questions.rb:3
  [1m[36mActiveRecord::SchemaMigration Create (0.4ms)[0m  [1m[32mINSERT INTO "schema_migrations" ("version") VALUES ($1) RETURNING "version"[0m  [["version", "20220828060344"]]
  ↳ bin/rails:4
  [1m[35m (1.4ms)[0m  [1m[35mCOMMIT[0m
  ↳ bin/rails:4
Migrating to CreateQuestionsTallies (20220828060424)
  [1m[35m (0.2ms)[0m  [1m[35mBEGIN[0m
  ↳ bin/rails:4
  [1m[35m (2.9ms)[0m  [1m[35mCREATE TABLE "questions_tallies" ("id" bigserial primary key, "question_id" integer, "tally_id" integer)[0m
  ↳ db/migrate/20220828060424_create_questions_tallies.rb:3
  [1m[36mActiveRecord::SchemaMigration Create (0.2ms)[0m  [1m[32mINSERT INTO "schema_migrations" ("version") VALUES ($1) RETURNING "version"[0m  [["version", "20220828060424"]]
  ↳ bin/rails:4
  [1m[35m (0.4ms)[0m  [1m[35mCOMMIT[0m
  ↳ bin/rails:4
  [1m[36mActiveRecord::InternalMetadata Load (0.4ms)[0m  [1m[34mSELECT  "ar_internal_metadata".* FROM "ar_internal_metadata" WHERE "ar_internal_metadata"."key" = $1 LIMIT $2[0m  [["key", "environment"], ["LIMIT", 1]]
  ↳ bin/rails:4
  [1m[35m (0.1ms)[0m  [1m[35mBEGIN[0m
  ↳ bin/rails:4
  [1m[35m (0.1ms)[0m  [1m[35mCOMMIT[0m
  ↳ bin/rails:4
  [1m[35m (0.1ms)[0m  [1m[34mSELECT pg_advisory_unlock(7844864974042930890)[0m
  ↳ bin/rails:4
  [1m[35m (0.4ms)[0m  [1m[34mSELECT "schema_migrations"."version" FROM "schema_migrations" ORDER BY "schema_migrations"."version" ASC[0m
  ↳ bin/rails:4
  [1m[35m (0.6ms)[0m  [1m[34mSELECT "schema_migrations"."version" FROM "schema_migrations" ORDER BY "schema_migrations"."version" ASC[0m
  ↳ bin/rails:4
  [1m[35m (0.9ms)[0m  [1m[34mSELECT "schema_migrations"."version" FROM "schema_migrations" ORDER BY "schema_migrations"."version" ASC[0m
  ↳ bin/rails:4
  [1m[35m (0.9ms)[0m  [1m[34mSELECT "schema_migrations"."version" FROM "schema_migrations" ORDER BY "schema_migrations"."version" ASC[0m
  ↳ bin/rails:4
  [1m[36mUser Load (0.5ms)[0m  [1m[34mSELECT "users".* FROM "users"[0m
  ↳ db/seeds.rb:6
  [1m[35m (0.9ms)[0m  [1m[34mSELECT "schema_migrations"."version" FROM "schema_migrations" ORDER BY "schema_migrations"."version" ASC[0m
  ↳ bin/rails:4
  [1m[36mQuestion Load (0.9ms)[0m  [1m[34mSELECT "questions".* FROM "questions"[0m
  ↳ db/seeds.rb:20
  [1m[35m (0.1ms)[0m  [1m[35mBEGIN[0m
  ↳ db/seeds.rb:22
  [1m[36mQuestion Create (1.0ms)[0m  [1m[32mINSERT INTO "questions" ("opt_A", "opt_B", "created_at", "updated_at") VALUES ($1, $2, $3, $4) RETURNING "id"[0m  [["opt_A", "have everyone be able to read your thoughts"], ["opt_B", "for everyone you know to have access to your internet history"], ["created_at", "2022-08-28 06:09:16.883322"], ["updated_at", "2022-08-28 06:09:16.883322"]]
  ↳ db/seeds.rb:22
  [1m[35m (0.8ms)[0m  [1m[35mCOMMIT[0m
  ↳ db/seeds.rb:22
  [1m[35m (0.1ms)[0m  [1m[35mBEGIN[0m
  ↳ db/seeds.rb:23
  [1m[36mQuestion Create (0.3ms)[0m  [1m[32mINSERT INTO "questions" ("opt_A", "opt_B", "created_at", "updated_at") VALUES ($1, $2, $3, $4) RETURNING "id"[0m  [["opt_A", "always have B.O. and not know it"], ["opt_B", "always smell B.O. on everyone else?"], ["created_at", "2022-08-28 06:09:16.887073"], ["updated_at", "2022-08-28 06:09:16.887073"]]
  ↳ db/seeds.rb:23
  [1m[35m (0.2ms)[0m  [1m[35mCOMMIT[0m
  ↳ db/seeds.rb:23
  [1m[35m (0.1ms)[0m  [1m[35mBEGIN[0m
  ↳ db/seeds.rb:24
  [1m[36mQuestion Create (0.2ms)[0m  [1m[32mINSERT INTO "questions" ("opt_A", "opt_B", "created_at", "updated_at") VALUES ($1, $2, $3, $4) RETURNING "id"[0m  [["opt_A", "get slapped in the face every time you thought about sex"], ["opt_B", "sneeze continuously while having sex"], ["created_at", "2022-08-28 06:09:16.888761"], ["updated_at", "2022-08-28 06:09:16.888761"]]
  ↳ db/seeds.rb:24
  [1m[35m (0.2ms)[0m  [1m[35mCOMMIT[0m
  ↳ db/seeds.rb:24
  [1m[35m (0.0ms)[0m  [1m[35mBEGIN[0m
  ↳ db/seeds.rb:25
  [1m[36mQuestion Create (0.1ms)[0m  [1m[32mINSERT INTO "questions" ("opt_A", "opt_B", "created_at", "updated_at") VALUES ($1, $2, $3, $4) RETURNING "id"[0m  [["opt_A", "have someone tell you the brutal truth"], ["opt_B", "have them lie to protect your feelings"], ["created_at", "2022-08-28 06:09:16.890952"], ["updated_at", "2022-08-28 06:09:16.890952"]]
  ↳ db/seeds.rb:25
  [1m[35m (0.2ms)[0m  [1m[35mCOMMIT[0m
  ↳ db/seeds.rb:25
  [1m[35m (2.4ms)[0m  [1m[34mSELECT COUNT(*) FROM "questions"[0m
  ↳ db/seeds.rb:27
  [1m[35m (0.9ms)[0m  [1m[34mSELECT "schema_migrations"."version" FROM "schema_migrations" ORDER BY "schema_migrations"."version" ASC[0m
  ↳ bin/rails:4
  [1m[35m (0.9ms)[0m  [1m[34mSELECT "schema_migrations"."version" FROM "schema_migrations" ORDER BY "schema_migrations"."version" ASC[0m
  ↳ bin/rails:4
  [1m[36mQuestion Load (0.6ms)[0m  [1m[34mSELECT "questions".* FROM "questions"[0m
  ↳ db/seeds.rb:20
  [1m[35m (0.1ms)[0m  [1m[35mBEGIN[0m
  ↳ db/seeds.rb:20
  [1m[36mQuestion::HABTM_Hashtags Destroy (0.6ms)[0m  [1m[31mDELETE FROM "hashtags_questions" WHERE "hashtags_questions"."question_id" = $1[0m  [["question_id", 1]]
  ↳ db/seeds.rb:20
  [1m[36mQuestion::HABTM_Tallies Destroy (0.5ms)[0m  [1m[31mDELETE FROM "questions_tallies" WHERE "questions_tallies"."question_id" = $1[0m  [["question_id", 1]]
  ↳ db/seeds.rb:20
  [1m[36mQuestion Destroy (0.2ms)[0m  [1m[31mDELETE FROM "questions" WHERE "questions"."id" = $1[0m  [["id", 1]]
  ↳ db/seeds.rb:20
  [1m[35m (0.3ms)[0m  [1m[35mCOMMIT[0m
  ↳ db/seeds.rb:20
  [1m[35m (0.0ms)[0m  [1m[35mBEGIN[0m
  ↳ db/seeds.rb:20
  [1m[36mQuestion::HABTM_Hashtags Destroy (0.1ms)[0m  [1m[31mDELETE FROM "hashtags_questions" WHERE "hashtags_questions"."question_id" = $1[0m  [["question_id", 2]]
  ↳ db/seeds.rb:20
  [1m[36mQuestion::HABTM_Tallies Destroy (0.1ms)[0m  [1m[31mDELETE FROM "questions_tallies" WHERE "questions_tallies"."question_id" = $1[0m  [["question_id", 2]]
  ↳ db/seeds.rb:20
  [1m[36mQuestion Destroy (0.1ms)[0m  [1m[31mDELETE FROM "questions" WHERE "questions"."id" = $1[0m  [["id", 2]]
  ↳ db/seeds.rb:20
  [1m[35m (0.1ms)[0m  [1m[35mCOMMIT[0m
  ↳ db/seeds.rb:20
  [1m[35m (0.0ms)[0m  [1m[35mBEGIN[0m
  ↳ db/seeds.rb:20
  [1m[36mQuestion::HABTM_Hashtags Destroy (0.1ms)[0m  [1m[31mDELETE FROM "hashtags_questions" WHERE "hashtags_questions"."question_id" = $1[0m  [["question_id", 3]]
  ↳ db/seeds.rb:20
  [1m[36mQuestion::HABTM_Tallies Destroy (0.1ms)[0m  [1m[31mDELETE FROM "questions_tallies" WHERE "questions_tallies"."question_id" = $1[0m  [["question_id", 3]]
  ↳ db/seeds.rb:20
  [1m[36mQuestion Destroy (0.1ms)[0m  [1m[31mDELETE FROM "questions" WHERE "questions"."id" = $1[0m  [["id", 3]]
  ↳ db/seeds.rb:20
  [1m[35m (0.1ms)[0m  [1m[35mCOMMIT[0m
  ↳ db/seeds.rb:20
  [1m[35m (0.0ms)[0m  [1m[35mBEGIN[0m
  ↳ db/seeds.rb:20
  [1m[36mQuestion::HABTM_Hashtags Destroy (0.1ms)[0m  [1m[31mDELETE FROM "hashtags_questions" WHERE "hashtags_questions"."question_id" = $1[0m  [["question_id", 4]]
  ↳ db/seeds.rb:20
  [1m[36mQuestion::HABTM_Tallies Destroy (0.1ms)[0m  [1m[31mDELETE FROM "questions_tallies" WHERE "questions_tallies"."question_id" = $1[0m  [["question_id", 4]]
  ↳ db/seeds.rb:20
  [1m[36mQuestion Destroy (0.1ms)[0m  [1m[31mDELETE FROM "questions" WHERE "questions"."id" = $1[0m  [["id", 4]]
  ↳ db/seeds.rb:20
  [1m[35m (0.1ms)[0m  [1m[35mCOMMIT[0m
  ↳ db/seeds.rb:20
  [1m[35m (0.0ms)[0m  [1m[35mBEGIN[0m
  ↳ db/seeds.rb:22
  [1m[36mQuestion Create (0.2ms)[0m  [1m[32mINSERT INTO "questions" ("opt_A", "opt_B", "created_at", "updated_at") VALUES ($1, $2, $3, $4) RETURNING "id"[0m  [["opt_A", "have everyone be able to read your thoughts"], ["opt_B", "for everyone you know to have access to your internet history"], ["created_at", "2022-08-28 06:10:35.689752"], ["updated_at", "2022-08-28 06:10:35.689752"]]
  ↳ db/seeds.rb:22
  [1m[35m (0.1ms)[0m  [1m[35mCOMMIT[0m
  ↳ db/seeds.rb:22
  [1m[35m (0.0ms)[0m  [1m[35mBEGIN[0m
  ↳ db/seeds.rb:23
  [1m[36mQuestion Create (0.1ms)[0m  [1m[32mINSERT INTO "questions" ("opt_A", "opt_B", "created_at", "updated_at") VALUES ($1, $2, $3, $4) RETURNING "id"[0m  [["opt_A", "always have B.O. and not know it"], ["opt_B", "always smell B.O. on everyone else?"], ["created_at", "2022-08-28 06:10:35.690518"], ["updated_at", "2022-08-28 06:10:35.690518"]]
  ↳ db/seeds.rb:23
  [1m[35m (0.1ms)[0m  [1m[35mCOMMIT[0m
  ↳ db/seeds.rb:23
  [1m[35m (0.0ms)[0m  [1m[35mBEGIN[0m
  ↳ db/seeds.rb:24
  [1m[36mQuestion Create (0.1ms)[0m  [1m[32mINSERT INTO "questions" ("opt_A", "opt_B", "created_at", "updated_at") VALUES ($1, $2, $3, $4) RETURNING "id"[0m  [["opt_A", "get slapped in the face every time you thought about sex"], ["opt_B", "sneeze continuously while having sex"], ["created_at", "2022-08-28 06:10:35.691033"], ["updated_at", "2022-08-28 06:10:35.691033"]]
  ↳ db/seeds.rb:24
  [1m[35m (0.1ms)[0m  [1m[35mCOMMIT[0m
  ↳ db/seeds.rb:24
  [1m[35m (0.0ms)[0m  [1m[35mBEGIN[0m
  ↳ db/seeds.rb:25
  [1m[36mQuestion Create (0.1ms)[0m  [1m[32mINSERT INTO "questions" ("opt_A", "opt_B", "created_at", "updated_at") VALUES ($1, $2, $3, $4) RETURNING "id"[0m  [["opt_A", "have someone tell you the brutal truth"], ["opt_B", "have them lie to protect your feelings"], ["created_at", "2022-08-28 06:10:35.691531"], ["updated_at", "2022-08-28 06:10:35.691531"]]
  ↳ db/seeds.rb:25
  [1m[35m (0.1ms)[0m  [1m[35mCOMMIT[0m
  ↳ db/seeds.rb:25
  [1m[35m (0.2ms)[0m  [1m[34mSELECT COUNT(*) FROM "questions"[0m
  ↳ db/seeds.rb:27
  [1m[36mHashtag Load (0.6ms)[0m  [1m[34mSELECT "hashtags".* FROM "hashtags"[0m
  ↳ db/seeds.rb:35
  [1m[35m (0.1ms)[0m  [1m[35mBEGIN[0m
  ↳ db/seeds.rb:37
  [1m[36mHashtag Create (0.3ms)[0m  [1m[32mINSERT INTO "hashtags" ("name", "created_at", "updated_at") VALUES ($1, $2, $3) RETURNING "id"[0m  [["name", "adult"], ["created_at", "2022-08-28 06:10:35.696434"], ["updated_at", "2022-08-28 06:10:35.696434"]]
  ↳ db/seeds.rb:37
  [1m[35m (0.2ms)[0m  [1m[35mCOMMIT[0m
  ↳ db/seeds.rb:37
  [1m[35m (0.0ms)[0m  [1m[35mBEGIN[0m
  ↳ db/seeds.rb:38
  [1m[36mHashtag Create (0.1ms)[0m  [1m[32mINSERT INTO "hashtags" ("name", "created_at", "updated_at") VALUES ($1, $2, $3) RETURNING "id"[0m  [["name", "minor"], ["created_at", "2022-08-28 06:10:35.697284"], ["updated_at", "2022-08-28 06:10:35.697284"]]
  ↳ db/seeds.rb:38
  [1m[35m (0.1ms)[0m  [1m[35mCOMMIT[0m
  ↳ db/seeds.rb:38
  [1m[35m (0.0ms)[0m  [1m[35mBEGIN[0m
  ↳ db/seeds.rb:39
  [1m[36mHashtag Create (0.1ms)[0m  [1m[32mINSERT INTO "hashtags" ("name", "created_at", "updated_at") VALUES ($1, $2, $3) RETURNING "id"[0m  [["name", "rude"], ["created_at", "2022-08-28 06:10:35.697837"], ["updated_at", "2022-08-28 06:10:35.697837"]]
  ↳ db/seeds.rb:39
  [1m[35m (0.1ms)[0m  [1m[35mCOMMIT[0m
  ↳ db/seeds.rb:39
  [1m[35m (0.0ms)[0m  [1m[35mBEGIN[0m
  ↳ db/seeds.rb:40
  [1m[36mHashtag Create (0.1ms)[0m  [1m[32mINSERT INTO "hashtags" ("name", "created_at", "updated_at") VALUES ($1, $2, $3) RETURNING "id"[0m  [["name", "wholesome"], ["created_at", "2022-08-28 06:10:35.698377"], ["updated_at", "2022-08-28 06:10:35.698377"]]
  ↳ db/seeds.rb:40
  [1m[35m (0.1ms)[0m  [1m[35mCOMMIT[0m
  ↳ db/seeds.rb:40
  [1m[35m (0.1ms)[0m  [1m[34mSELECT COUNT(*) FROM "hashtags"[0m
  ↳ db/seeds.rb:42
  [1m[36mTally Load (0.7ms)[0m  [1m[34mSELECT "tallies".* FROM "tallies"[0m
  ↳ db/seeds.rb:50
  [1m[35m (0.1ms)[0m  [1m[35mBEGIN[0m
  ↳ db/seeds.rb:52
  [1m[36mTally Create (0.3ms)[0m  [1m[32mINSERT INTO "tallies" ("created_at", "updated_at") VALUES ($1, $2) RETURNING "id"[0m  [["created_at", "2022-08-28 06:10:35.703815"], ["updated_at", "2022-08-28 06:10:35.703815"]]
  ↳ db/seeds.rb:52
  [1m[35m (0.2ms)[0m  [1m[35mCOMMIT[0m
  ↳ db/seeds.rb:52
  [1m[35m (0.1ms)[0m  [1m[35mBEGIN[0m
  ↳ db/seeds.rb:53
  [1m[36mTally Create (0.1ms)[0m  [1m[32mINSERT INTO "tallies" ("created_at", "updated_at") VALUES ($1, $2) RETURNING "id"[0m  [["created_at", "2022-08-28 06:10:35.704693"], ["updated_at", "2022-08-28 06:10:35.704693"]]
  ↳ db/seeds.rb:53
  [1m[35m (0.1ms)[0m  [1m[35mCOMMIT[0m
  ↳ db/seeds.rb:53
  [1m[35m (0.0ms)[0m  [1m[35mBEGIN[0m
  ↳ db/seeds.rb:54
  [1m[36mTally Create (0.1ms)[0m  [1m[32mINSERT INTO "tallies" ("created_at", "updated_at") VALUES ($1, $2) RETURNING "id"[0m  [["created_at", "2022-08-28 06:10:35.705254"], ["updated_at", "2022-08-28 06:10:35.705254"]]
  ↳ db/seeds.rb:54
  [1m[35m (0.1ms)[0m  [1m[35mCOMMIT[0m
  ↳ db/seeds.rb:54
  [1m[35m (0.0ms)[0m  [1m[35mBEGIN[0m
  ↳ db/seeds.rb:55
  [1m[36mTally Create (0.1ms)[0m  [1m[32mINSERT INTO "tallies" ("created_at", "updated_at") VALUES ($1, $2) RETURNING "id"[0m  [["created_at", "2022-08-28 06:10:35.705787"], ["updated_at", "2022-08-28 06:10:35.705787"]]
  ↳ db/seeds.rb:55
  [1m[35m (0.1ms)[0m  [1m[35mCOMMIT[0m
  ↳ db/seeds.rb:55
  [1m[35m (0.1ms)[0m  [1m[34mSELECT COUNT(*) FROM "tallies"[0m
  ↳ db/seeds.rb:57
  [1m[35m (0.5ms)[0m  [1m[34mSELECT "schema_migrations"."version" FROM "schema_migrations" ORDER BY "schema_migrations"."version" ASC[0m
  ↳ bin/rails:4
  [1m[36mQuestion Load (0.7ms)[0m  [1m[34mSELECT "questions".* FROM "questions"[0m
  [1m[36mTally Load (2.7ms)[0m  [1m[34mSELECT "tallies".* FROM "tallies"[0m
  [1m[35m (0.9ms)[0m  [1m[34mSELECT "schema_migrations"."version" FROM "schema_migrations" ORDER BY "schema_migrations"."version" ASC[0m
  ↳ bin/rails:4
  [1m[35m (1.0ms)[0m  [1m[34mSELECT "schema_migrations"."version" FROM "schema_migrations" ORDER BY "schema_migrations"."version" ASC[0m
  ↳ bin/rails:4
  [1m[35m (0.2ms)[0m  [1m[34mSELECT pg_try_advisory_lock(7844864974042930890)[0m
  ↳ bin/rails:4
  [1m[35m (0.9ms)[0m  [1m[34mSELECT "schema_migrations"."version" FROM "schema_migrations" ORDER BY "schema_migrations"."version" ASC[0m
  ↳ bin/rails:4
Migrating to CreateUsers (20220828062224)
  [1m[35m (0.1ms)[0m  [1m[35mBEGIN[0m
  ↳ bin/rails:4
  [1m[35m (4.3ms)[0m  [1m[35mCREATE TABLE "users" ("id" bigserial primary key, "name" character varying, "email" character varying, "password_digest" character varying, "dob" date, "created_at" timestamp NOT NULL, "updated_at" timestamp NOT NULL)[0m
  ↳ db/migrate/20220828062224_create_users.rb:3
  [1m[35m (0.1ms)[0m  [1m[31mROLLBACK[0m
  ↳ bin/rails:4
  [1m[35m (0.1ms)[0m  [1m[34mSELECT pg_advisory_unlock(7844864974042930890)[0m
  ↳ bin/rails:4
  [1m[35m (0.6ms)[0m  [1m[34mSELECT "schema_migrations"."version" FROM "schema_migrations" ORDER BY "schema_migrations"."version" ASC[0m
  ↳ bin/rails:4
  [1m[35m (0.5ms)[0m  [1m[34mSELECT "schema_migrations"."version" FROM "schema_migrations" ORDER BY "schema_migrations"."version" ASC[0m
  ↳ bin/rails:4
  [1m[35m (0.5ms)[0m  [1m[34mSELECT "schema_migrations"."version" FROM "schema_migrations" ORDER BY "schema_migrations"."version" ASC[0m
  ↳ bin/rails:4
  [1m[35m (0.4ms)[0m  [1m[34mSELECT pg_try_advisory_lock(7844864974042930890)[0m
  ↳ bin/rails:4
  [1m[35m (0.9ms)[0m  [1m[34mSELECT "schema_migrations"."version" FROM "schema_migrations" ORDER BY "schema_migrations"."version" ASC[0m
  ↳ bin/rails:4
Migrating to CreateUsers (20220828062545)
  [1m[35m (0.1ms)[0m  [1m[35mBEGIN[0m
  ↳ bin/rails:4
  [1m[35m (4.2ms)[0m  [1m[35mCREATE TABLE "users" ("id" bigserial primary key, "name" character varying, "email" character varying, "password_digest" character varying, "dob" date, "created_at" timestamp NOT NULL, "updated_at" timestamp NOT NULL)[0m
  ↳ db/migrate/20220828062545_create_users.rb:3
  [1m[35m (0.1ms)[0m  [1m[31mROLLBACK[0m
  ↳ bin/rails:4
  [1m[35m (0.3ms)[0m  [1m[34mSELECT pg_advisory_unlock(7844864974042930890)[0m
  ↳ bin/rails:4
  [1m[35m (1.6ms)[0m  [1m[35mDROP TABLE "Users"[0m
  [1m[35m (1.7ms)[0m  [1m[35mDROP TABLE "User"[0m
  [1m[35m (1.2ms)[0m  [1m[35mdrop table User[0m
  [1m[35m (11.3ms)[0m  [1m[35mdrop table Users[0m
  [1m[35m (0.6ms)[0m  [1m[34mSELECT "schema_migrations"."version" FROM "schema_migrations" ORDER BY "schema_migrations"."version" ASC[0m
  ↳ bin/rails:4
  [1m[35m (0.2ms)[0m  [1m[34mSELECT pg_try_advisory_lock(7844864974042930890)[0m
  ↳ bin/rails:4
  [1m[35m (0.9ms)[0m  [1m[34mSELECT "schema_migrations"."version" FROM "schema_migrations" ORDER BY "schema_migrations"."version" ASC[0m
  ↳ bin/rails:4
Migrating to CreateUsers (20220828062545)
  [1m[35m (0.1ms)[0m  [1m[35mBEGIN[0m
  ↳ bin/rails:4
  [1m[35m (6.9ms)[0m  [1m[35mCREATE TABLE "users" ("id" bigserial primary key, "name" character varying, "email" character varying, "password_digest" character varying, "dob" date, "created_at" timestamp NOT NULL, "updated_at" timestamp NOT NULL)[0m
  ↳ db/migrate/20220828062545_create_users.rb:3
  [1m[36mActiveRecord::SchemaMigration Create (0.3ms)[0m  [1m[32mINSERT INTO "schema_migrations" ("version") VALUES ($1) RETURNING "version"[0m  [["version", "20220828062545"]]
  ↳ bin/rails:4
  [1m[35m (0.7ms)[0m  [1m[35mCOMMIT[0m
  ↳ bin/rails:4
  [1m[36mActiveRecord::InternalMetadata Load (0.3ms)[0m  [1m[34mSELECT  "ar_internal_metadata".* FROM "ar_internal_metadata" WHERE "ar_internal_metadata"."key" = $1 LIMIT $2[0m  [["key", "environment"], ["LIMIT", 1]]
  ↳ bin/rails:4
  [1m[35m (0.1ms)[0m  [1m[35mBEGIN[0m
  ↳ bin/rails:4
  [1m[35m (0.1ms)[0m  [1m[35mCOMMIT[0m
  ↳ bin/rails:4
  [1m[35m (0.2ms)[0m  [1m[34mSELECT pg_advisory_unlock(7844864974042930890)[0m
  ↳ bin/rails:4
  [1m[35m (0.1ms)[0m  [1m[34mSELECT "schema_migrations"."version" FROM "schema_migrations" ORDER BY "schema_migrations"."version" ASC[0m
  ↳ bin/rails:4
  [1m[35m (0.6ms)[0m  [1m[34mSELECT "schema_migrations"."version" FROM "schema_migrations" ORDER BY "schema_migrations"."version" ASC[0m
  ↳ bin/rails:4
  [1m[35m (0.7ms)[0m  [1m[34mSELECT "schema_migrations"."version" FROM "schema_migrations" ORDER BY "schema_migrations"."version" ASC[0m
  ↳ bin/rails:4
  [1m[36mUser Load (0.5ms)[0m  [1m[34mSELECT "users".* FROM "users"[0m
  ↳ db/seeds.rb:6
  [1m[35m (1.0ms)[0m  [1m[34mSELECT "schema_migrations"."version" FROM "schema_migrations" ORDER BY "schema_migrations"."version" ASC[0m
  ↳ bin/rails:4
  [1m[36mUser Load (0.6ms)[0m  [1m[34mSELECT "users".* FROM "users"[0m
  ↳ db/seeds.rb:6
  [1m[35m (0.9ms)[0m  [1m[34mSELECT "schema_migrations"."version" FROM "schema_migrations" ORDER BY "schema_migrations"."version" ASC[0m
  ↳ bin/rails:4
  [1m[35m (0.7ms)[0m  [1m[34mSELECT "schema_migrations"."version" FROM "schema_migrations" ORDER BY "schema_migrations"."version" ASC[0m
  ↳ bin/rails:4
  [1m[35m (0.5ms)[0m  [1m[34mSELECT "schema_migrations"."version" FROM "schema_migrations" ORDER BY "schema_migrations"."version" ASC[0m
  ↳ bin/rails:4
  [1m[35m (0.5ms)[0m  [1m[34mSELECT "schema_migrations"."version" FROM "schema_migrations" ORDER BY "schema_migrations"."version" ASC[0m
  ↳ bin/rails:4
  [1m[35m (0.7ms)[0m  [1m[34mSELECT "schema_migrations"."version" FROM "schema_migrations" ORDER BY "schema_migrations"."version" ASC[0m
  ↳ bin/rails:4
  [1m[36mUser Load (0.3ms)[0m  [1m[34mSELECT "users".* FROM "users"[0m
  ↳ db/seeds.rb:6
  [1m[35m (0.2ms)[0m  [1m[35mBEGIN[0m
  ↳ db/seeds.rb:8
  [1m[36mUser Exists (0.6ms)[0m  [1m[34mSELECT  1 AS one FROM "users" WHERE "users"."email" = $1 LIMIT $2[0m  [["email", "jim@the_office.com"], ["LIMIT", 1]]
  ↳ db/seeds.rb:8
  [1m[36mUser Create (2.0ms)[0m  [1m[32mINSERT INTO "users" ("name", "email", "password_digest", "dob", "created_at", "updated_at") VALUES ($1, $2, $3, $4, $5, $6) RETURNING "id"[0m  [["name", "Jim"], ["email", "jim@the_office.com"], ["password_digest", "$2a$12$Mk2B09omhkZXXTzxhnrKkulucXm0/NthOlqu/Ybzl/tmofhPyvvhy"], ["dob", "1979-05-15"], ["created_at", "2022-08-28 08:29:50.172725"], ["updated_at", "2022-08-28 08:29:50.172725"]]
  ↳ db/seeds.rb:8
  [1m[35m (0.7ms)[0m  [1m[35mCOMMIT[0m
  ↳ db/seeds.rb:8
  [1m[35m (0.1ms)[0m  [1m[35mBEGIN[0m
  ↳ db/seeds.rb:9
  [1m[36mUser Exists (0.4ms)[0m  [1m[34mSELECT  1 AS one FROM "users" WHERE "users"."email" = $1 LIMIT $2[0m  [["email", "pam@the_office.com"], ["LIMIT", 1]]
  ↳ db/seeds.rb:9
  [1m[36mUser Create (0.3ms)[0m  [1m[32mINSERT INTO "users" ("name", "email", "password_digest", "dob", "created_at", "updated_at") VALUES ($1, $2, $3, $4, $5, $6) RETURNING "id"[0m  [["name", "Pam"], ["email", "pam@the_office.com"], ["password_digest", "$2a$12$iqLP3k5dEHOLdRSttG0jM.hdWTl0zR8mEUUhxwqHU21tuDX7AVOmq"], ["dob", "1979-09-25"], ["created_at", "2022-08-28 08:29:50.417664"], ["updated_at", "2022-08-28 08:29:50.417664"]]
  ↳ db/seeds.rb:9
  [1m[35m (0.9ms)[0m  [1m[35mCOMMIT[0m
  ↳ db/seeds.rb:9
  [1m[35m (0.2ms)[0m  [1m[35mBEGIN[0m
  ↳ db/seeds.rb:10
  [1m[36mUser Exists (0.4ms)[0m  [1m[34mSELECT  1 AS one FROM "users" WHERE "users"."email" = $1 LIMIT $2[0m  [["email", "dwight@the_office.com"], ["LIMIT", 1]]
  ↳ db/seeds.rb:10
  [1m[36mUser Create (0.3ms)[0m  [1m[32mINSERT INTO "users" ("name", "email", "password_digest", "dob", "created_at", "updated_at") VALUES ($1, $2, $3, $4, $5, $6) RETURNING "id"[0m  [["name", "Dwight"], ["email", "dwight@the_office.com"], ["password_digest", "$2a$12$Oc8VdwoiAQHptO1iw8JaouWo3Kifaz31HPbMZw.9n4urrefjWjAlK"], ["dob", "1970-02-26"], ["created_at", "2022-08-28 08:29:50.660465"], ["updated_at", "2022-08-28 08:29:50.660465"]]
  ↳ db/seeds.rb:10
  [1m[35m (0.7ms)[0m  [1m[35mCOMMIT[0m
  ↳ db/seeds.rb:10
  [1m[35m (0.4ms)[0m  [1m[34mSELECT COUNT(*) FROM "users"[0m
  ↳ db/seeds.rb:12
  [1m[36mQuestion Load (0.7ms)[0m  [1m[34mSELECT "questions".* FROM "questions"[0m
  ↳ db/seeds.rb:20
  [1m[35m (0.1ms)[0m  [1m[35mBEGIN[0m
  ↳ db/seeds.rb:20
  [1m[36mQuestion::HABTM_Hashtags Destroy (0.8ms)[0m  [1m[31mDELETE FROM "hashtags_questions" WHERE "hashtags_questions"."question_id" = $1[0m  [["question_id", 5]]
  ↳ db/seeds.rb:20
  [1m[36mQuestion::HABTM_Tallies Destroy (0.6ms)[0m  [1m[31mDELETE FROM "questions_tallies" WHERE "questions_tallies"."question_id" = $1[0m  [["question_id", 5]]
  ↳ db/seeds.rb:20
  [1m[36mQuestion Destroy (0.3ms)[0m  [1m[31mDELETE FROM "questions" WHERE "questions"."id" = $1[0m  [["id", 5]]
  ↳ db/seeds.rb:20
  [1m[35m (0.3ms)[0m  [1m[35mCOMMIT[0m
  ↳ db/seeds.rb:20
  [1m[35m (0.1ms)[0m  [1m[35mBEGIN[0m
  ↳ db/seeds.rb:20
  [1m[36mQuestion::HABTM_Hashtags Destroy (0.1ms)[0m  [1m[31mDELETE FROM "hashtags_questions" WHERE "hashtags_questions"."question_id" = $1[0m  [["question_id", 6]]
  ↳ db/seeds.rb:20
  [1m[36mQuestion::HABTM_Tallies Destroy (0.1ms)[0m  [1m[31mDELETE FROM "questions_tallies" WHERE "questions_tallies"."question_id" = $1[0m  [["question_id", 6]]
  ↳ db/seeds.rb:20
  [1m[36mQuestion Destroy (0.2ms)[0m  [1m[31mDELETE FROM "questions" WHERE "questions"."id" = $1[0m  [["id", 6]]
  ↳ db/seeds.rb:20
  [1m[35m (0.2ms)[0m  [1m[35mCOMMIT[0m
  ↳ db/seeds.rb:20
  [1m[35m (0.1ms)[0m  [1m[35mBEGIN[0m
  ↳ db/seeds.rb:20
  [1m[36mQuestion::HABTM_Hashtags Destroy (0.2ms)[0m  [1m[31mDELETE FROM "hashtags_questions" WHERE "hashtags_questions"."question_id" = $1[0m  [["question_id", 7]]
  ↳ db/seeds.rb:20
  [1m[36mQuestion::HABTM_Tallies Destroy (0.1ms)[0m  [1m[31mDELETE FROM "questions_tallies" WHERE "questions_tallies"."question_id" = $1[0m  [["question_id", 7]]
  ↳ db/seeds.rb:20
  [1m[36mQuestion Destroy (0.2ms)[0m  [1m[31mDELETE FROM "questions" WHERE "questions"."id" = $1[0m  [["id", 7]]
  ↳ db/seeds.rb:20
  [1m[35m (0.2ms)[0m  [1m[35mCOMMIT[0m
  ↳ db/seeds.rb:20
  [1m[35m (0.1ms)[0m  [1m[35mBEGIN[0m
  ↳ db/seeds.rb:20
  [1m[36mQuestion::HABTM_Hashtags Destroy (0.1ms)[0m  [1m[31mDELETE FROM "hashtags_questions" WHERE "hashtags_questions"."question_id" = $1[0m  [["question_id", 8]]
  ↳ db/seeds.rb:20
  [1m[36mQuestion::HABTM_Tallies Destroy (0.1ms)[0m  [1m[31mDELETE FROM "questions_tallies" WHERE "questions_tallies"."question_id" = $1[0m  [["question_id", 8]]
  ↳ db/seeds.rb:20
  [1m[36mQuestion Destroy (0.2ms)[0m  [1m[31mDELETE FROM "questions" WHERE "questions"."id" = $1[0m  [["id", 8]]
  ↳ db/seeds.rb:20
  [1m[35m (0.1ms)[0m  [1m[35mCOMMIT[0m
  ↳ db/seeds.rb:20
  [1m[35m (0.0ms)[0m  [1m[35mBEGIN[0m
  ↳ db/seeds.rb:22
  [1m[36mQuestion Create (0.2ms)[0m  [1m[32mINSERT INTO "questions" ("opt_A", "opt_B", "created_at", "updated_at") VALUES ($1, $2, $3, $4) RETURNING "id"[0m  [["opt_A", "have everyone be able to read your thoughts"], ["opt_B", "for everyone you know to have access to your internet history"], ["created_at", "2022-08-28 08:29:50.700322"], ["updated_at", "2022-08-28 08:29:50.700322"]]
  ↳ db/seeds.rb:22
  [1m[35m (0.1ms)[0m  [1m[35mCOMMIT[0m
  ↳ db/seeds.rb:22
  [1m[35m (0.0ms)[0m  [1m[35mBEGIN[0m
  ↳ db/seeds.rb:23
  [1m[36mQuestion Create (0.2ms)[0m  [1m[32mINSERT INTO "questions" ("opt_A", "opt_B", "created_at", "updated_at") VALUES ($1, $2, $3, $4) RETURNING "id"[0m  [["opt_A", "always have B.O. and not know it"], ["opt_B", "always smell B.O. on everyone else?"], ["created_at", "2022-08-28 08:29:50.701083"], ["updated_at", "2022-08-28 08:29:50.701083"]]
  ↳ db/seeds.rb:23
  [1m[35m (0.1ms)[0m  [1m[35mCOMMIT[0m
  ↳ db/seeds.rb:23
  [1m[35m (0.0ms)[0m  [1m[35mBEGIN[0m
  ↳ db/seeds.rb:24
  [1m[36mQuestion Create (0.1ms)[0m  [1m[32mINSERT INTO "questions" ("opt_A", "opt_B", "created_at", "updated_at") VALUES ($1, $2, $3, $4) RETURNING "id"[0m  [["opt_A", "get slapped in the face every time you thought about sex"], ["opt_B", "sneeze continuously while having sex"], ["created_at", "2022-08-28 08:29:50.701676"], ["updated_at", "2022-08-28 08:29:50.701676"]]
  ↳ db/seeds.rb:24
  [1m[35m (0.1ms)[0m  [1m[35mCOMMIT[0m
  ↳ db/seeds.rb:24
  [1m[35m (0.0ms)[0m  [1m[35mBEGIN[0m
  ↳ db/seeds.rb:25
  [1m[36mQuestion Create (0.1ms)[0m  [1m[32mINSERT INTO "questions" ("opt_A", "opt_B", "created_at", "updated_at") VALUES ($1, $2, $3, $4) RETURNING "id"[0m  [["opt_A", "have someone tell you the brutal truth"], ["opt_B", "have them lie to protect your feelings"], ["created_at", "2022-08-28 08:29:50.702254"], ["updated_at", "2022-08-28 08:29:50.702254"]]
  ↳ db/seeds.rb:25
  [1m[35m (0.1ms)[0m  [1m[35mCOMMIT[0m
  ↳ db/seeds.rb:25
  [1m[35m (0.1ms)[0m  [1m[34mSELECT COUNT(*) FROM "questions"[0m
  ↳ db/seeds.rb:27
  [1m[36mHashtag Load (0.4ms)[0m  [1m[34mSELECT "hashtags".* FROM "hashtags"[0m
  ↳ db/seeds.rb:35
  [1m[35m (0.1ms)[0m  [1m[35mBEGIN[0m
  ↳ db/seeds.rb:35
  [1m[36mHashtag::HABTM_Questions Destroy (0.1ms)[0m  [1m[31mDELETE FROM "hashtags_questions" WHERE "hashtags_questions"."hashtag_id" = $1[0m  [["hashtag_id", 1]]
  ↳ db/seeds.rb:35
  [1m[36mHashtag Destroy (0.1ms)[0m  [1m[31mDELETE FROM "hashtags" WHERE "hashtags"."id" = $1[0m  [["id", 1]]
  ↳ db/seeds.rb:35
  [1m[35m (0.2ms)[0m  [1m[35mCOMMIT[0m
  ↳ db/seeds.rb:35
  [1m[35m (0.0ms)[0m  [1m[35mBEGIN[0m
  ↳ db/seeds.rb:35
  [1m[36mHashtag::HABTM_Questions Destroy (0.1ms)[0m  [1m[31mDELETE FROM "hashtags_questions" WHERE "hashtags_questions"."hashtag_id" = $1[0m  [["hashtag_id", 2]]
  ↳ db/seeds.rb:35
  [1m[36mHashtag Destroy (0.1ms)[0m  [1m[31mDELETE FROM "hashtags" WHERE "hashtags"."id" = $1[0m  [["id", 2]]
  ↳ db/seeds.rb:35
  [1m[35m (0.1ms)[0m  [1m[35mCOMMIT[0m
  ↳ db/seeds.rb:35
  [1m[35m (0.1ms)[0m  [1m[35mBEGIN[0m
  ↳ db/seeds.rb:35
  [1m[36mHashtag::HABTM_Questions Destroy (0.1ms)[0m  [1m[31mDELETE FROM "hashtags_questions" WHERE "hashtags_questions"."hashtag_id" = $1[0m  [["hashtag_id", 3]]
  ↳ db/seeds.rb:35
  [1m[36mHashtag Destroy (0.1ms)[0m  [1m[31mDELETE FROM "hashtags" WHERE "hashtags"."id" = $1[0m  [["id", 3]]
  ↳ db/seeds.rb:35
  [1m[35m (0.2ms)[0m  [1m[35mCOMMIT[0m
  ↳ db/seeds.rb:35
  [1m[35m (0.0ms)[0m  [1m[35mBEGIN[0m
  ↳ db/seeds.rb:35
  [1m[36mHashtag::HABTM_Questions Destroy (0.1ms)[0m  [1m[31mDELETE FROM "hashtags_questions" WHERE "hashtags_questions"."hashtag_id" = $1[0m  [["hashtag_id", 4]]
  ↳ db/seeds.rb:35
  [1m[36mHashtag Destroy (0.1ms)[0m  [1m[31mDELETE FROM "hashtags" WHERE "hashtags"."id" = $1[0m  [["id", 4]]
  ↳ db/seeds.rb:35
  [1m[35m (0.1ms)[0m  [1m[35mCOMMIT[0m
  ↳ db/seeds.rb:35
  [1m[35m (0.0ms)[0m  [1m[35mBEGIN[0m
  ↳ db/seeds.rb:37
  [1m[36mHashtag Create (0.5ms)[0m  [1m[32mINSERT INTO "hashtags" ("name", "created_at", "updated_at") VALUES ($1, $2, $3) RETURNING "id"[0m  [["name", "adult"], ["created_at", "2022-08-28 08:29:50.710929"], ["updated_at", "2022-08-28 08:29:50.710929"]]
  ↳ db/seeds.rb:37
  [1m[35m (0.1ms)[0m  [1m[35mCOMMIT[0m
  ↳ db/seeds.rb:37
  [1m[35m (0.0ms)[0m  [1m[35mBEGIN[0m
  ↳ db/seeds.rb:38
  [1m[36mHashtag Create (0.1ms)[0m  [1m[32mINSERT INTO "hashtags" ("name", "created_at", "updated_at") VALUES ($1, $2, $3) RETURNING "id"[0m  [["name", "minor"], ["created_at", "2022-08-28 08:29:50.711925"], ["updated_at", "2022-08-28 08:29:50.711925"]]
  ↳ db/seeds.rb:38
  [1m[35m (0.1ms)[0m  [1m[35mCOMMIT[0m
  ↳ db/seeds.rb:38
  [1m[35m (0.0ms)[0m  [1m[35mBEGIN[0m
  ↳ db/seeds.rb:39
  [1m[36mHashtag Create (0.1ms)[0m  [1m[32mINSERT INTO "hashtags" ("name", "created_at", "updated_at") VALUES ($1, $2, $3) RETURNING "id"[0m  [["name", "rude"], ["created_at", "2022-08-28 08:29:50.712475"], ["updated_at", "2022-08-28 08:29:50.712475"]]
  ↳ db/seeds.rb:39
  [1m[35m (0.1ms)[0m  [1m[35mCOMMIT[0m
  ↳ db/seeds.rb:39
  [1m[35m (0.0ms)[0m  [1m[35mBEGIN[0m
  ↳ db/seeds.rb:40
  [1m[36mHashtag Create (0.1ms)[0m  [1m[32mINSERT INTO "hashtags" ("name", "created_at", "updated_at") VALUES ($1, $2, $3) RETURNING "id"[0m  [["name", "wholesome"], ["created_at", "2022-08-28 08:29:50.713015"], ["updated_at", "2022-08-28 08:29:50.713015"]]
  ↳ db/seeds.rb:40
  [1m[35m (0.1ms)[0m  [1m[35mCOMMIT[0m
  ↳ db/seeds.rb:40
  [1m[35m (0.1ms)[0m  [1m[34mSELECT COUNT(*) FROM "hashtags"[0m
  ↳ db/seeds.rb:42
  [1m[36mTally Load (0.3ms)[0m  [1m[34mSELECT "tallies".* FROM "tallies"[0m
  ↳ db/seeds.rb:50
  [1m[35m (0.1ms)[0m  [1m[35mBEGIN[0m
  ↳ db/seeds.rb:50
  [1m[36mTally::HABTM_Questions Destroy (0.1ms)[0m  [1m[31mDELETE FROM "questions_tallies" WHERE "questions_tallies"."tally_id" = $1[0m  [["tally_id", 1]]
  ↳ db/seeds.rb:50
  [1m[36mTally Destroy (0.1ms)[0m  [1m[31mDELETE FROM "tallies" WHERE "tallies"."id" = $1[0m  [["id", 1]]
  ↳ db/seeds.rb:50
  [1m[35m (0.2ms)[0m  [1m[35mCOMMIT[0m
  ↳ db/seeds.rb:50
  [1m[35m (0.0ms)[0m  [1m[35mBEGIN[0m
  ↳ db/seeds.rb:50
  [1m[36mTally::HABTM_Questions Destroy (0.1ms)[0m  [1m[31mDELETE FROM "questions_tallies" WHERE "questions_tallies"."tally_id" = $1[0m  [["tally_id", 2]]
  ↳ db/seeds.rb:50
  [1m[36mTally Destroy (0.1ms)[0m  [1m[31mDELETE FROM "tallies" WHERE "tallies"."id" = $1[0m  [["id", 2]]
  ↳ db/seeds.rb:50
  [1m[35m (0.3ms)[0m  [1m[35mCOMMIT[0m
  ↳ db/seeds.rb:50
  [1m[35m (0.1ms)[0m  [1m[35mBEGIN[0m
  ↳ db/seeds.rb:50
  [1m[36mTally::HABTM_Questions Destroy (0.2ms)[0m  [1m[31mDELETE FROM "questions_tallies" WHERE "questions_tallies"."tally_id" = $1[0m  [["tally_id", 3]]
  ↳ db/seeds.rb:50
  [1m[36mTally Destroy (0.1ms)[0m  [1m[31mDELETE FROM "tallies" WHERE "tallies"."id" = $1[0m  [["id", 3]]
  ↳ db/seeds.rb:50
  [1m[35m (0.1ms)[0m  [1m[35mCOMMIT[0m
  ↳ db/seeds.rb:50
  [1m[35m (0.1ms)[0m  [1m[35mBEGIN[0m
  ↳ db/seeds.rb:50
  [1m[36mTally::HABTM_Questions Destroy (0.1ms)[0m  [1m[31mDELETE FROM "questions_tallies" WHERE "questions_tallies"."tally_id" = $1[0m  [["tally_id", 4]]
  ↳ db/seeds.rb:50
  [1m[36mTally Destroy (0.2ms)[0m  [1m[31mDELETE FROM "tallies" WHERE "tallies"."id" = $1[0m  [["id", 4]]
  ↳ db/seeds.rb:50
  [1m[35m (0.1ms)[0m  [1m[35mCOMMIT[0m
  ↳ db/seeds.rb:50
  [1m[35m (0.0ms)[0m  [1m[35mBEGIN[0m
  ↳ db/seeds.rb:52
  [1m[36mTally Create (0.2ms)[0m  [1m[32mINSERT INTO "tallies" ("created_at", "updated_at") VALUES ($1, $2) RETURNING "id"[0m  [["created_at", "2022-08-28 08:29:50.721801"], ["updated_at", "2022-08-28 08:29:50.721801"]]
  ↳ db/seeds.rb:52
  [1m[35m (0.1ms)[0m  [1m[35mCOMMIT[0m
  ↳ db/seeds.rb:52
  [1m[35m (0.0ms)[0m  [1m[35mBEGIN[0m
  ↳ db/seeds.rb:53
  [1m[36mTally Create (0.1ms)[0m  [1m[32mINSERT INTO "tallies" ("created_at", "updated_at") VALUES ($1, $2) RETURNING "id"[0m  [["created_at", "2022-08-28 08:29:50.722486"], ["updated_at", "2022-08-28 08:29:50.722486"]]
  ↳ db/seeds.rb:53
  [1m[35m (0.1ms)[0m  [1m[35mCOMMIT[0m
  ↳ db/seeds.rb:53
  [1m[35m (0.0ms)[0m  [1m[35mBEGIN[0m
  ↳ db/seeds.rb:54
  [1m[36mTally Create (0.1ms)[0m  [1m[32mINSERT INTO "tallies" ("created_at", "updated_at") VALUES ($1, $2) RETURNING "id"[0m  [["created_at", "2022-08-28 08:29:50.722993"], ["updated_at", "2022-08-28 08:29:50.722993"]]
  ↳ db/seeds.rb:54
  [1m[35m (0.1ms)[0m  [1m[35mCOMMIT[0m
  ↳ db/seeds.rb:54
  [1m[35m (0.0ms)[0m  [1m[35mBEGIN[0m
  ↳ db/seeds.rb:55
  [1m[36mTally Create (0.1ms)[0m  [1m[32mINSERT INTO "tallies" ("created_at", "updated_at") VALUES ($1, $2) RETURNING "id"[0m  [["created_at", "2022-08-28 08:29:50.723511"], ["updated_at", "2022-08-28 08:29:50.723511"]]
  ↳ db/seeds.rb:55
  [1m[35m (0.1ms)[0m  [1m[35mCOMMIT[0m
  ↳ db/seeds.rb:55
  [1m[35m (0.1ms)[0m  [1m[34mSELECT COUNT(*) FROM "tallies"[0m
  ↳ db/seeds.rb:57
  [1m[36mUser Load (0.7ms)[0m  [1m[34mSELECT "users".* FROM "users"[0m
  [1m[36mTally Load (2.0ms)[0m  [1m[34mSELECT "tallies".* FROM "tallies"[0m
Started GET "/" for 127.0.0.1 at 2022-08-28 18:45:01 +1000
  [1m[35m (0.6ms)[0m  [1m[34mSELECT "schema_migrations"."version" FROM "schema_migrations" ORDER BY "schema_migrations"."version" ASC[0m
  ↳ /Users/shaeriches/.rvm/gems/ruby-2.7.2/gems/activerecord-5.2.8.1/lib/active_record/log_subscriber.rb:98
  
ActionController::RoutingError (uninitialized constant QuestionsController):
  
activesupport (5.2.8.1) lib/active_support/inflector/methods.rb:283:in `const_get'
activesupport (5.2.8.1) lib/active_support/inflector/methods.rb:283:in `block in constantize'
activesupport (5.2.8.1) lib/active_support/inflector/methods.rb:281:in `each'
activesupport (5.2.8.1) lib/active_support/inflector/methods.rb:281:in `inject'
activesupport (5.2.8.1) lib/active_support/inflector/methods.rb:281:in `constantize'
actionpack (5.2.8.1) lib/action_dispatch/http/request.rb:88:in `controller_class_for'
actionpack (5.2.8.1) lib/action_dispatch/http/request.rb:81:in `controller_class'
actionpack (5.2.8.1) lib/action_dispatch/routing/route_set.rb:46:in `controller'
actionpack (5.2.8.1) lib/action_dispatch/routing/route_set.rb:32:in `serve'
actionpack (5.2.8.1) lib/action_dispatch/journey/router.rb:52:in `block in serve'
actionpack (5.2.8.1) lib/action_dispatch/journey/router.rb:35:in `each'
actionpack (5.2.8.1) lib/action_dispatch/journey/router.rb:35:in `serve'
actionpack (5.2.8.1) lib/action_dispatch/routing/route_set.rb:840:in `call'
rack (2.2.4) lib/rack/tempfile_reaper.rb:15:in `call'
rack (2.2.4) lib/rack/etag.rb:27:in `call'
rack (2.2.4) lib/rack/conditional_get.rb:27:in `call'
rack (2.2.4) lib/rack/head.rb:12:in `call'
actionpack (5.2.8.1) lib/action_dispatch/http/content_security_policy.rb:18:in `call'
rack (2.2.4) lib/rack/session/abstract/id.rb:266:in `context'
rack (2.2.4) lib/rack/session/abstract/id.rb:260:in `call'
actionpack (5.2.8.1) lib/action_dispatch/middleware/cookies.rb:670:in `call'
activerecord (5.2.8.1) lib/active_record/migration.rb:559:in `call'
actionpack (5.2.8.1) lib/action_dispatch/middleware/callbacks.rb:28:in `block in call'
activesupport (5.2.8.1) lib/active_support/callbacks.rb:98:in `run_callbacks'
actionpack (5.2.8.1) lib/action_dispatch/middleware/callbacks.rb:26:in `call'
actionpack (5.2.8.1) lib/action_dispatch/middleware/executor.rb:14:in `call'
actionpack (5.2.8.1) lib/action_dispatch/middleware/debug_exceptions.rb:61:in `call'
web-console (3.7.0) lib/web_console/middleware.rb:135:in `call_app'
web-console (3.7.0) lib/web_console/middleware.rb:30:in `block in call'
web-console (3.7.0) lib/web_console/middleware.rb:20:in `catch'
web-console (3.7.0) lib/web_console/middleware.rb:20:in `call'
actionpack (5.2.8.1) lib/action_dispatch/middleware/show_exceptions.rb:33:in `call'
railties (5.2.8.1) lib/rails/rack/logger.rb:38:in `call_app'
railties (5.2.8.1) lib/rails/rack/logger.rb:26:in `block in call'
activesupport (5.2.8.1) lib/active_support/tagged_logging.rb:71:in `block in tagged'
activesupport (5.2.8.1) lib/active_support/tagged_logging.rb:28:in `tagged'
activesupport (5.2.8.1) lib/active_support/tagged_logging.rb:71:in `tagged'
railties (5.2.8.1) lib/rails/rack/logger.rb:26:in `call'
sprockets-rails (3.4.2) lib/sprockets/rails/quiet_assets.rb:13:in `call'
actionpack (5.2.8.1) lib/action_dispatch/middleware/remote_ip.rb:81:in `call'
actionpack (5.2.8.1) lib/action_dispatch/middleware/request_id.rb:27:in `call'
rack (2.2.4) lib/rack/method_override.rb:24:in `call'
rack (2.2.4) lib/rack/runtime.rb:22:in `call'
activesupport (5.2.8.1) lib/active_support/cache/strategy/local_cache_middleware.rb:29:in `call'
actionpack (5.2.8.1) lib/action_dispatch/middleware/executor.rb:14:in `call'
actionpack (5.2.8.1) lib/action_dispatch/middleware/static.rb:127:in `call'
rack (2.2.4) lib/rack/sendfile.rb:110:in `call'
railties (5.2.8.1) lib/rails/engine.rb:524:in `call'
puma (3.12.6) lib/puma/configuration.rb:227:in `call'
puma (3.12.6) lib/puma/server.rb:706:in `handle_request'
puma (3.12.6) lib/puma/server.rb:476:in `process_client'
puma (3.12.6) lib/puma/server.rb:334:in `block in run'
puma (3.12.6) lib/puma/thread_pool.rb:135:in `block in spawn_thread'
Started GET "/" for 127.0.0.1 at 2022-08-28 19:42:23 +1000
  
AbstractController::ActionNotFound (The action 'home' could not be found for QuestionsController):
  
actionpack (5.2.8.1) lib/abstract_controller/base.rb:129:in `process'
actionview (5.2.8.1) lib/action_view/rendering.rb:32:in `process'
actionpack (5.2.8.1) lib/action_controller/metal.rb:191:in `dispatch'
actionpack (5.2.8.1) lib/action_controller/metal.rb:252:in `dispatch'
actionpack (5.2.8.1) lib/action_dispatch/routing/route_set.rb:52:in `dispatch'
actionpack (5.2.8.1) lib/action_dispatch/routing/route_set.rb:34:in `serve'
actionpack (5.2.8.1) lib/action_dispatch/journey/router.rb:52:in `block in serve'
actionpack (5.2.8.1) lib/action_dispatch/journey/router.rb:35:in `each'
actionpack (5.2.8.1) lib/action_dispatch/journey/router.rb:35:in `serve'
actionpack (5.2.8.1) lib/action_dispatch/routing/route_set.rb:840:in `call'
rack (2.2.4) lib/rack/tempfile_reaper.rb:15:in `call'
rack (2.2.4) lib/rack/etag.rb:27:in `call'
rack (2.2.4) lib/rack/conditional_get.rb:27:in `call'
rack (2.2.4) lib/rack/head.rb:12:in `call'
actionpack (5.2.8.1) lib/action_dispatch/http/content_security_policy.rb:18:in `call'
rack (2.2.4) lib/rack/session/abstract/id.rb:266:in `context'
rack (2.2.4) lib/rack/session/abstract/id.rb:260:in `call'
actionpack (5.2.8.1) lib/action_dispatch/middleware/cookies.rb:670:in `call'
activerecord (5.2.8.1) lib/active_record/migration.rb:559:in `call'
actionpack (5.2.8.1) lib/action_dispatch/middleware/callbacks.rb:28:in `block in call'
activesupport (5.2.8.1) lib/active_support/callbacks.rb:98:in `run_callbacks'
actionpack (5.2.8.1) lib/action_dispatch/middleware/callbacks.rb:26:in `call'
actionpack (5.2.8.1) lib/action_dispatch/middleware/executor.rb:14:in `call'
actionpack (5.2.8.1) lib/action_dispatch/middleware/debug_exceptions.rb:61:in `call'
web-console (3.7.0) lib/web_console/middleware.rb:135:in `call_app'
web-console (3.7.0) lib/web_console/middleware.rb:30:in `block in call'
web-console (3.7.0) lib/web_console/middleware.rb:20:in `catch'
web-console (3.7.0) lib/web_console/middleware.rb:20:in `call'
actionpack (5.2.8.1) lib/action_dispatch/middleware/show_exceptions.rb:33:in `call'
railties (5.2.8.1) lib/rails/rack/logger.rb:38:in `call_app'
railties (5.2.8.1) lib/rails/rack/logger.rb:26:in `block in call'
activesupport (5.2.8.1) lib/active_support/tagged_logging.rb:71:in `block in tagged'
activesupport (5.2.8.1) lib/active_support/tagged_logging.rb:28:in `tagged'
activesupport (5.2.8.1) lib/active_support/tagged_logging.rb:71:in `tagged'
railties (5.2.8.1) lib/rails/rack/logger.rb:26:in `call'
sprockets-rails (3.4.2) lib/sprockets/rails/quiet_assets.rb:13:in `call'
actionpack (5.2.8.1) lib/action_dispatch/middleware/remote_ip.rb:81:in `call'
actionpack (5.2.8.1) lib/action_dispatch/middleware/request_id.rb:27:in `call'
rack (2.2.4) lib/rack/method_override.rb:24:in `call'
rack (2.2.4) lib/rack/runtime.rb:22:in `call'
activesupport (5.2.8.1) lib/active_support/cache/strategy/local_cache_middleware.rb:29:in `call'
actionpack (5.2.8.1) lib/action_dispatch/middleware/executor.rb:14:in `call'
actionpack (5.2.8.1) lib/action_dispatch/middleware/static.rb:127:in `call'
rack (2.2.4) lib/rack/sendfile.rb:110:in `call'
railties (5.2.8.1) lib/rails/engine.rb:524:in `call'
puma (3.12.6) lib/puma/configuration.rb:227:in `call'
puma (3.12.6) lib/puma/server.rb:706:in `handle_request'
puma (3.12.6) lib/puma/server.rb:476:in `process_client'
puma (3.12.6) lib/puma/server.rb:334:in `block in run'
puma (3.12.6) lib/puma/thread_pool.rb:135:in `block in spawn_thread'
Started GET "/rails/info/routes" for 127.0.0.1 at 2022-08-28 19:42:55 +1000
Processing by Rails::InfoController#routes as HTML
  Rendering /Users/shaeriches/.rvm/gems/ruby-2.7.2/gems/railties-5.2.8.1/lib/rails/templates/rails/info/routes.html.erb within layouts/application
  Rendered collection of /Users/shaeriches/.rvm/gems/ruby-2.7.2/gems/actionpack-5.2.8.1/lib/action_dispatch/middleware/templates/routes/_route.html.erb [25 times] (2.8ms)
  Rendered /Users/shaeriches/.rvm/gems/ruby-2.7.2/gems/actionpack-5.2.8.1/lib/action_dispatch/middleware/templates/routes/_table.html.erb (0.7ms)
  Rendered /Users/shaeriches/.rvm/gems/ruby-2.7.2/gems/railties-5.2.8.1/lib/rails/templates/rails/info/routes.html.erb within layouts/application (7.4ms)
Completed 200 OK in 11ms (Views: 9.3ms | ActiveRecord: 0.0ms)


Started GET "/" for 127.0.0.1 at 2022-08-28 19:43:17 +1000
  
AbstractController::ActionNotFound (The action 'home' could not be found for QuestionsController):
  
actionpack (5.2.8.1) lib/abstract_controller/base.rb:129:in `process'
actionview (5.2.8.1) lib/action_view/rendering.rb:32:in `process'
actionpack (5.2.8.1) lib/action_controller/metal.rb:191:in `dispatch'
actionpack (5.2.8.1) lib/action_controller/metal.rb:252:in `dispatch'
actionpack (5.2.8.1) lib/action_dispatch/routing/route_set.rb:52:in `dispatch'
actionpack (5.2.8.1) lib/action_dispatch/routing/route_set.rb:34:in `serve'
actionpack (5.2.8.1) lib/action_dispatch/journey/router.rb:52:in `block in serve'
actionpack (5.2.8.1) lib/action_dispatch/journey/router.rb:35:in `each'
actionpack (5.2.8.1) lib/action_dispatch/journey/router.rb:35:in `serve'
actionpack (5.2.8.1) lib/action_dispatch/routing/route_set.rb:840:in `call'
rack (2.2.4) lib/rack/tempfile_reaper.rb:15:in `call'
rack (2.2.4) lib/rack/etag.rb:27:in `call'
rack (2.2.4) lib/rack/conditional_get.rb:27:in `call'
rack (2.2.4) lib/rack/head.rb:12:in `call'
actionpack (5.2.8.1) lib/action_dispatch/http/content_security_policy.rb:18:in `call'
rack (2.2.4) lib/rack/session/abstract/id.rb:266:in `context'
rack (2.2.4) lib/rack/session/abstract/id.rb:260:in `call'
actionpack (5.2.8.1) lib/action_dispatch/middleware/cookies.rb:670:in `call'
activerecord (5.2.8.1) lib/active_record/migration.rb:559:in `call'
actionpack (5.2.8.1) lib/action_dispatch/middleware/callbacks.rb:28:in `block in call'
activesupport (5.2.8.1) lib/active_support/callbacks.rb:98:in `run_callbacks'
actionpack (5.2.8.1) lib/action_dispatch/middleware/callbacks.rb:26:in `call'
actionpack (5.2.8.1) lib/action_dispatch/middleware/executor.rb:14:in `call'
actionpack (5.2.8.1) lib/action_dispatch/middleware/debug_exceptions.rb:61:in `call'
web-console (3.7.0) lib/web_console/middleware.rb:135:in `call_app'
web-console (3.7.0) lib/web_console/middleware.rb:30:in `block in call'
web-console (3.7.0) lib/web_console/middleware.rb:20:in `catch'
web-console (3.7.0) lib/web_console/middleware.rb:20:in `call'
actionpack (5.2.8.1) lib/action_dispatch/middleware/show_exceptions.rb:33:in `call'
railties (5.2.8.1) lib/rails/rack/logger.rb:38:in `call_app'
railties (5.2.8.1) lib/rails/rack/logger.rb:26:in `block in call'
activesupport (5.2.8.1) lib/active_support/tagged_logging.rb:71:in `block in tagged'
activesupport (5.2.8.1) lib/active_support/tagged_logging.rb:28:in `tagged'
activesupport (5.2.8.1) lib/active_support/tagged_logging.rb:71:in `tagged'
railties (5.2.8.1) lib/rails/rack/logger.rb:26:in `call'
sprockets-rails (3.4.2) lib/sprockets/rails/quiet_assets.rb:13:in `call'
actionpack (5.2.8.1) lib/action_dispatch/middleware/remote_ip.rb:81:in `call'
actionpack (5.2.8.1) lib/action_dispatch/middleware/request_id.rb:27:in `call'
rack (2.2.4) lib/rack/method_override.rb:24:in `call'
rack (2.2.4) lib/rack/runtime.rb:22:in `call'
activesupport (5.2.8.1) lib/active_support/cache/strategy/local_cache_middleware.rb:29:in `call'
actionpack (5.2.8.1) lib/action_dispatch/middleware/executor.rb:14:in `call'
actionpack (5.2.8.1) lib/action_dispatch/middleware/static.rb:127:in `call'
rack (2.2.4) lib/rack/sendfile.rb:110:in `call'
railties (5.2.8.1) lib/rails/engine.rb:524:in `call'
puma (3.12.6) lib/puma/configuration.rb:227:in `call'
puma (3.12.6) lib/puma/server.rb:706:in `handle_request'
puma (3.12.6) lib/puma/server.rb:476:in `process_client'
puma (3.12.6) lib/puma/server.rb:334:in `block in run'
puma (3.12.6) lib/puma/thread_pool.rb:135:in `block in spawn_thread'
Started GET "/" for 127.0.0.1 at 2022-08-28 19:43:51 +1000
Processing by QuestionsController#home as HTML
  Rendering questions/home.html.erb within layouts/application
  Rendered questions/home.html.erb within layouts/application (0.5ms)
Completed 200 OK in 122ms (Views: 120.9ms | ActiveRecord: 0.0ms)


  [1m[36mQuestion Load (1.7ms)[0m  [1m[34mSELECT "questions".* FROM "questions"[0m
  [1m[36mUser Load (0.8ms)[0m  [1m[34mSELECT "users".* FROM "users"[0m
  [1m[36mTally Load (1.0ms)[0m  [1m[34mSELECT "tallies".* FROM "tallies"[0m
Started GET "/" for 127.0.0.1 at 2022-08-28 21:15:03 +1000
Processing by QuestionsController#home as HTML
  Rendering questions/home.html.erb within layouts/application
  Rendered questions/home.html.erb within layouts/application (0.4ms)
Completed 500 Internal Server Error in 82ms (ActiveRecord: 0.0ms)


  
ActionView::Template::Error (undefined local variable or method `login_path' for #<#<Class:0x0000000121e07780>:0x0000000121e047d8>):
    21: 
    22:           <% else %>
    23:             
    24:             <%= link_to 'Login', login_path %>
    25:             |
    26:             <%= link_to 'Sign Up', new_user_path %>
    27:           
  
app/views/layouts/application.html.erb:24:in `_app_views_layouts_application_html_erb___3054691480417637061_27780'
Started GET "/rails/info/routes" for 127.0.0.1 at 2022-08-28 21:18:31 +1000
Processing by Rails::InfoController#routes as HTML
  Rendering /Users/shaeriches/.rvm/gems/ruby-2.7.2/gems/railties-5.2.8.1/lib/rails/templates/rails/info/routes.html.erb within layouts/application
  Rendered collection of /Users/shaeriches/.rvm/gems/ruby-2.7.2/gems/actionpack-5.2.8.1/lib/action_dispatch/middleware/templates/routes/_route.html.erb [28 times] (4.7ms)
  Rendered /Users/shaeriches/.rvm/gems/ruby-2.7.2/gems/actionpack-5.2.8.1/lib/action_dispatch/middleware/templates/routes/_table.html.erb (1.0ms)
  Rendered /Users/shaeriches/.rvm/gems/ruby-2.7.2/gems/railties-5.2.8.1/lib/rails/templates/rails/info/routes.html.erb within layouts/application (9.3ms)
Completed 200 OK in 14ms (Views: 11.7ms | ActiveRecord: 0.0ms)


Started GET "/" for 127.0.0.1 at 2022-08-28 21:27:08 +1000
Processing by QuestionsController#home as HTML
  Rendering questions/home.html.erb within layouts/application
  Rendered questions/home.html.erb within layouts/application (0.3ms)
Completed 200 OK in 192ms (Views: 191.0ms | ActiveRecord: 0.0ms)


Started GET "/login" for 127.0.0.1 at 2022-08-28 21:27:10 +1000
Processing by SessionController#new as HTML
  Rendering session/new.html.erb within layouts/application
  Rendered session/new.html.erb within layouts/application (17.3ms)
Completed 200 OK in 38ms (Views: 35.3ms | ActiveRecord: 0.0ms)


Started GET "/login" for 127.0.0.1 at 2022-08-28 21:27:45 +1000
Processing by SessionController#new as HTML
  Rendering session/new.html.erb within layouts/application
  Rendered session/new.html.erb within layouts/application (1.5ms)
Completed 200 OK in 9ms (Views: 7.6ms | ActiveRecord: 0.0ms)


Started POST "/login" for 127.0.0.1 at 2022-08-28 21:27:49 +1000
  
AbstractController::ActionNotFound (The action 'create' could not be found for SessionController):
  
actionpack (5.2.8.1) lib/abstract_controller/base.rb:129:in `process'
actionview (5.2.8.1) lib/action_view/rendering.rb:32:in `process'
actionpack (5.2.8.1) lib/action_controller/metal.rb:191:in `dispatch'
actionpack (5.2.8.1) lib/action_controller/metal.rb:252:in `dispatch'
actionpack (5.2.8.1) lib/action_dispatch/routing/route_set.rb:52:in `dispatch'
actionpack (5.2.8.1) lib/action_dispatch/routing/route_set.rb:34:in `serve'
actionpack (5.2.8.1) lib/action_dispatch/journey/router.rb:52:in `block in serve'
actionpack (5.2.8.1) lib/action_dispatch/journey/router.rb:35:in `each'
actionpack (5.2.8.1) lib/action_dispatch/journey/router.rb:35:in `serve'
actionpack (5.2.8.1) lib/action_dispatch/routing/route_set.rb:840:in `call'
rack (2.2.4) lib/rack/tempfile_reaper.rb:15:in `call'
rack (2.2.4) lib/rack/etag.rb:27:in `call'
rack (2.2.4) lib/rack/conditional_get.rb:40:in `call'
rack (2.2.4) lib/rack/head.rb:12:in `call'
actionpack (5.2.8.1) lib/action_dispatch/http/content_security_policy.rb:18:in `call'
rack (2.2.4) lib/rack/session/abstract/id.rb:266:in `context'
rack (2.2.4) lib/rack/session/abstract/id.rb:260:in `call'
actionpack (5.2.8.1) lib/action_dispatch/middleware/cookies.rb:670:in `call'
activerecord (5.2.8.1) lib/active_record/migration.rb:559:in `call'
actionpack (5.2.8.1) lib/action_dispatch/middleware/callbacks.rb:28:in `block in call'
activesupport (5.2.8.1) lib/active_support/callbacks.rb:98:in `run_callbacks'
actionpack (5.2.8.1) lib/action_dispatch/middleware/callbacks.rb:26:in `call'
actionpack (5.2.8.1) lib/action_dispatch/middleware/executor.rb:14:in `call'
actionpack (5.2.8.1) lib/action_dispatch/middleware/debug_exceptions.rb:61:in `call'
web-console (3.7.0) lib/web_console/middleware.rb:135:in `call_app'
web-console (3.7.0) lib/web_console/middleware.rb:30:in `block in call'
web-console (3.7.0) lib/web_console/middleware.rb:20:in `catch'
web-console (3.7.0) lib/web_console/middleware.rb:20:in `call'
actionpack (5.2.8.1) lib/action_dispatch/middleware/show_exceptions.rb:33:in `call'
railties (5.2.8.1) lib/rails/rack/logger.rb:38:in `call_app'
railties (5.2.8.1) lib/rails/rack/logger.rb:26:in `block in call'
activesupport (5.2.8.1) lib/active_support/tagged_logging.rb:71:in `block in tagged'
activesupport (5.2.8.1) lib/active_support/tagged_logging.rb:28:in `tagged'
activesupport (5.2.8.1) lib/active_support/tagged_logging.rb:71:in `tagged'
railties (5.2.8.1) lib/rails/rack/logger.rb:26:in `call'
sprockets-rails (3.4.2) lib/sprockets/rails/quiet_assets.rb:13:in `call'
actionpack (5.2.8.1) lib/action_dispatch/middleware/remote_ip.rb:81:in `call'
actionpack (5.2.8.1) lib/action_dispatch/middleware/request_id.rb:27:in `call'
rack (2.2.4) lib/rack/method_override.rb:24:in `call'
rack (2.2.4) lib/rack/runtime.rb:22:in `call'
activesupport (5.2.8.1) lib/active_support/cache/strategy/local_cache_middleware.rb:29:in `call'
actionpack (5.2.8.1) lib/action_dispatch/middleware/executor.rb:14:in `call'
actionpack (5.2.8.1) lib/action_dispatch/middleware/static.rb:127:in `call'
rack (2.2.4) lib/rack/sendfile.rb:110:in `call'
railties (5.2.8.1) lib/rails/engine.rb:524:in `call'
puma (3.12.6) lib/puma/configuration.rb:227:in `call'
puma (3.12.6) lib/puma/server.rb:706:in `handle_request'
puma (3.12.6) lib/puma/server.rb:476:in `process_client'
puma (3.12.6) lib/puma/server.rb:334:in `block in run'
puma (3.12.6) lib/puma/thread_pool.rb:135:in `block in spawn_thread'
Started GET "/login" for 127.0.0.1 at 2022-08-28 21:27:54 +1000
Processing by SessionController#new as HTML
  Rendering session/new.html.erb within layouts/application
  Rendered session/new.html.erb within layouts/application (3.8ms)
Completed 200 OK in 23ms (Views: 21.3ms | ActiveRecord: 0.0ms)


Started POST "/login" for 127.0.0.1 at 2022-08-28 21:33:20 +1000
Processing by SessionController#create as HTML
  Parameters: {"utf8"=>"✓", "authenticity_token"=>"vjWkcUnpOMBn9oFBXrnaKXx/la9eJgJ3tbpvuqiinTSrt4S4GQ5fQXwL66JGiHgKntleJ5ZBtYqektbUWn+jGw==", "email"=>"jim@the_office.com", "password"=>"[FILTERED]", "commit"=>"Login"}
  [1m[36mUser Load (0.4ms)[0m  [1m[34mSELECT  "users".* FROM "users" WHERE "users"."email" = $1 LIMIT $2[0m  [["email", "jim@the_office.com"], ["LIMIT", 1]]
  ↳ app/controllers/session_controller.rb:8
Redirected to http://localhost:3000/
Completed 302 Found in 286ms (ActiveRecord: 7.7ms)


Started GET "/" for 127.0.0.1 at 2022-08-28 21:33:20 +1000
Processing by QuestionsController#home as HTML
  [1m[36mUser Load (0.6ms)[0m  [1m[34mSELECT  "users".* FROM "users" WHERE "users"."id" = $1 LIMIT $2[0m  [["id", 1], ["LIMIT", 1]]
  ↳ app/controllers/application_controller.rb:9
  Rendering questions/home.html.erb within layouts/application
  Rendered questions/home.html.erb within layouts/application (0.1ms)
Completed 200 OK in 7ms (Views: 4.2ms | ActiveRecord: 0.6ms)


Started DELETE "/login" for 127.0.0.1 at 2022-08-28 21:33:24 +1000
Processing by SessionController#destroy as HTML
  Parameters: {"authenticity_token"=>"do54Hk3Rp3T2ZN0hFLFeuj6tOSvzJjbopZR1HQcaEHtjDFjXHTbA9e2Zt8IMgPyZ3AvyoztBgRWOvMxz9ccuVA=="}
  [1m[36mUser Load (0.7ms)[0m  [1m[34mSELECT  "users".* FROM "users" WHERE "users"."id" = $1 LIMIT $2[0m  [["id", 1], ["LIMIT", 1]]
  ↳ app/controllers/application_controller.rb:9
Redirected to http://localhost:3000/login
Completed 302 Found in 4ms (ActiveRecord: 0.7ms)


Started GET "/login" for 127.0.0.1 at 2022-08-28 21:33:24 +1000
Processing by SessionController#new as HTML
  [1m[36mUser Load (1.6ms)[0m  [1m[34mSELECT  "users".* FROM "users" WHERE "users"."id" = $1 LIMIT $2[0m  [["id", 1], ["LIMIT", 1]]
  ↳ app/controllers/application_controller.rb:9
  Rendering session/new.html.erb within layouts/application
  Rendered session/new.html.erb within layouts/application (1.8ms)
Completed 200 OK in 22ms (Views: 16.0ms | ActiveRecord: 1.6ms)


Started GET "/login" for 127.0.0.1 at 2022-08-28 21:33:29 +1000
Processing by SessionController#new as HTML
  [1m[36mUser Load (0.4ms)[0m  [1m[34mSELECT  "users".* FROM "users" WHERE "users"."id" = $1 LIMIT $2[0m  [["id", 1], ["LIMIT", 1]]
  ↳ app/controllers/application_controller.rb:9
  Rendering session/new.html.erb within layouts/application
  Rendered session/new.html.erb within layouts/application (0.9ms)
Completed 200 OK in 8ms (Views: 6.2ms | ActiveRecord: 0.4ms)


Started DELETE "/login" for 127.0.0.1 at 2022-08-28 21:33:32 +1000
Processing by SessionController#destroy as HTML
  Parameters: {"authenticity_token"=>"pBKir7J39IfNKMXKGJ+HN28nDP/WsT/3MxPBjUoE0GaxkIJm4pCTBtbVrykAriUUjYHHdx7WiAoYO3jjuNnuSQ=="}
  [1m[36mUser Load (0.8ms)[0m  [1m[34mSELECT  "users".* FROM "users" WHERE "users"."id" = $1 LIMIT $2[0m  [["id", 1], ["LIMIT", 1]]
  ↳ app/controllers/application_controller.rb:9
Redirected to http://localhost:3000/login
Completed 302 Found in 11ms (ActiveRecord: 2.7ms)


Started GET "/login" for 127.0.0.1 at 2022-08-28 21:33:32 +1000
Processing by SessionController#new as HTML
  [1m[36mUser Load (0.8ms)[0m  [1m[34mSELECT  "users".* FROM "users" WHERE "users"."id" = $1 LIMIT $2[0m  [["id", 1], ["LIMIT", 1]]
  ↳ app/controllers/application_controller.rb:9
  Rendering session/new.html.erb within layouts/application
  Rendered session/new.html.erb within layouts/application (2.1ms)
Completed 200 OK in 15ms (Views: 12.5ms | ActiveRecord: 0.8ms)


Started GET "/login" for 127.0.0.1 at 2022-08-28 21:34:43 +1000
Processing by SessionController#new as HTML
  [1m[36mUser Load (0.9ms)[0m  [1m[34mSELECT  "users".* FROM "users" WHERE "users"."id" = $1 LIMIT $2[0m  [["id", 1], ["LIMIT", 1]]
  ↳ app/controllers/application_controller.rb:9
  Rendering session/new.html.erb within layouts/application
  Rendered session/new.html.erb within layouts/application (3.6ms)
Completed 200 OK in 15ms (Views: 11.3ms | ActiveRecord: 0.9ms)


Started POST "/login" for 127.0.0.1 at 2022-08-28 21:34:54 +1000
Processing by SessionController#create as HTML
  Parameters: {"utf8"=>"✓", "authenticity_token"=>"6QV7bPYwqBowyakrq9AKPlQv2ZyUz9pSCFLnBNwHaUf8h1ulptfPmys0w8iz4agdtokSFFyoba8jel5qLtpXaA==", "email"=>"jim", "password"=>"[FILTERED]", "commit"=>"Login"}
  [1m[36mUser Load (0.6ms)[0m  [1m[34mSELECT  "users".* FROM "users" WHERE "users"."id" = $1 LIMIT $2[0m  [["id", 1], ["LIMIT", 1]]
  ↳ app/controllers/application_controller.rb:9
  [1m[36mUser Load (0.3ms)[0m  [1m[34mSELECT  "users".* FROM "users" WHERE "users"."email" = $1 LIMIT $2[0m  [["email", "jim"], ["LIMIT", 1]]
  ↳ app/controllers/session_controller.rb:8
Redirected to http://localhost:3000/login
Completed 302 Found in 3ms (ActiveRecord: 0.9ms)


Started GET "/login" for 127.0.0.1 at 2022-08-28 21:34:54 +1000
Processing by SessionController#new as HTML
  [1m[36mUser Load (0.6ms)[0m  [1m[34mSELECT  "users".* FROM "users" WHERE "users"."id" = $1 LIMIT $2[0m  [["id", 1], ["LIMIT", 1]]
  ↳ app/controllers/application_controller.rb:9
  Rendering session/new.html.erb within layouts/application
  Rendered session/new.html.erb within layouts/application (0.9ms)
Completed 200 OK in 7ms (Views: 5.8ms | ActiveRecord: 0.6ms)


Started POST "/login" for 127.0.0.1 at 2022-08-28 21:35:01 +1000
Processing by SessionController#create as HTML
  Parameters: {"utf8"=>"✓", "authenticity_token"=>"XC7+AC4zipdhB+u29zw8VQltumcrFSwap+I0TSpFOWFJrN7JftTtFnr6gVXvDZ5268tx7+Nym+eMyo0j2JgHTg==", "email"=>"jim@the_office.com", "password"=>"[FILTERED]", "commit"=>"Login"}
  [1m[36mUser Load (0.6ms)[0m  [1m[34mSELECT  "users".* FROM "users" WHERE "users"."id" = $1 LIMIT $2[0m  [["id", 1], ["LIMIT", 1]]
  ↳ app/controllers/application_controller.rb:9
  [1m[36mUser Load (0.2ms)[0m  [1m[34mSELECT  "users".* FROM "users" WHERE "users"."email" = $1 LIMIT $2[0m  [["email", "jim@the_office.com"], ["LIMIT", 1]]
  ↳ app/controllers/session_controller.rb:8
Redirected to http://localhost:3000/
Completed 302 Found in 280ms (ActiveRecord: 0.8ms)


Started GET "/" for 127.0.0.1 at 2022-08-28 21:35:02 +1000
Processing by QuestionsController#home as HTML
  [1m[36mUser Load (0.1ms)[0m  [1m[34mSELECT  "users".* FROM "users" WHERE "users"."id" = $1 LIMIT $2[0m  [["id", 1], ["LIMIT", 1]]
  ↳ app/controllers/application_controller.rb:9
  Rendering questions/home.html.erb within layouts/application
  Rendered questions/home.html.erb within layouts/application (0.2ms)
Completed 200 OK in 6ms (Views: 5.0ms | ActiveRecord: 0.1ms)


Started GET "/rails/info/routes" for 127.0.0.1 at 2022-08-28 21:35:13 +1000
Processing by Rails::InfoController#routes as HTML
  Rendering /Users/shaeriches/.rvm/gems/ruby-2.7.2/gems/railties-5.2.8.1/lib/rails/templates/rails/info/routes.html.erb within layouts/application
  Rendered collection of /Users/shaeriches/.rvm/gems/ruby-2.7.2/gems/actionpack-5.2.8.1/lib/action_dispatch/middleware/templates/routes/_route.html.erb [28 times] (3.8ms)
  Rendered /Users/shaeriches/.rvm/gems/ruby-2.7.2/gems/actionpack-5.2.8.1/lib/action_dispatch/middleware/templates/routes/_table.html.erb (1.0ms)
  Rendered /Users/shaeriches/.rvm/gems/ruby-2.7.2/gems/railties-5.2.8.1/lib/rails/templates/rails/info/routes.html.erb within layouts/application (7.5ms)
Completed 200 OK in 12ms (Views: 9.1ms | ActiveRecord: 0.0ms)


Started GET "/" for 127.0.0.1 at 2022-08-29 09:49:04 +1000
  [1m[35m (1.6ms)[0m  [1m[34mSELECT "schema_migrations"."version" FROM "schema_migrations" ORDER BY "schema_migrations"."version" ASC[0m
  ↳ /Users/shaeriches/.rvm/gems/ruby-2.7.2/gems/activerecord-5.2.8.1/lib/active_record/log_subscriber.rb:98
Processing by QuestionsController#home as HTML
  [1m[36mUser Load (6.5ms)[0m  [1m[34mSELECT  "users".* FROM "users" WHERE "users"."id" = $1 LIMIT $2[0m  [["id", 1], ["LIMIT", 1]]
  ↳ app/controllers/application_controller.rb:9
  Rendering questions/home.html.erb within layouts/application
  Rendered questions/home.html.erb within layouts/application (0.3ms)
Completed 200 OK in 98ms (Views: 69.7ms | ActiveRecord: 12.7ms)


Started DELETE "/login" for 127.0.0.1 at 2022-08-29 09:49:07 +1000
Processing by SessionController#destroy as HTML
  Parameters: {"authenticity_token"=>"v2B2Xe1jZ4aDqDYHuaIPIw6fNKgo/SMeBkzlKQE2SA6q4laUvYQAB5hVXOShk60A7Dn/IOCalOMtZFxH8+t2IQ=="}
  [1m[36mUser Load (0.9ms)[0m  [1m[34mSELECT  "users".* FROM "users" WHERE "users"."id" = $1 LIMIT $2[0m  [["id", 1], ["LIMIT", 1]]
  ↳ app/controllers/application_controller.rb:9
Redirected to http://localhost:3000/login
Completed 302 Found in 4ms (ActiveRecord: 0.9ms)


Started GET "/login" for 127.0.0.1 at 2022-08-29 09:49:07 +1000
Processing by SessionController#new as HTML
  [1m[36mUser Load (0.3ms)[0m  [1m[34mSELECT  "users".* FROM "users" WHERE "users"."id" = $1 LIMIT $2[0m  [["id", 1], ["LIMIT", 1]]
  ↳ app/controllers/application_controller.rb:9
  Rendering session/new.html.erb within layouts/application
  Rendered session/new.html.erb within layouts/application (6.4ms)
Completed 200 OK in 17ms (Views: 15.2ms | ActiveRecord: 0.3ms)


Started GET "/" for 127.0.0.1 at 2022-08-29 09:49:17 +1000
Processing by QuestionsController#home as HTML
  [1m[36mUser Load (0.5ms)[0m  [1m[34mSELECT  "users".* FROM "users" WHERE "users"."id" = $1 LIMIT $2[0m  [["id", 1], ["LIMIT", 1]]
  ↳ app/controllers/application_controller.rb:9
  Rendering questions/home.html.erb within layouts/application
  Rendered questions/home.html.erb within layouts/application (0.7ms)
Completed 200 OK in 29ms (Views: 24.6ms | ActiveRecord: 0.5ms)


